[ 2019-04-10T23:02:09+08:00 ] 127.0.0.1 /favicon.ico
INFO: [ app_init ] --START--
INFO: Run Behavior\BuildLiteBehavior [ RunTime:0.000000s ]
INFO: [ app_init ] --END-- [ RunTime:0.000000s ]

[ 2019-04-10T23:02:39+08:00 ] 127.0.0.1 /system.html
INFO: [ app_init ] --START--
INFO: Run Behavior\BuildLiteBehavior [ RunTime:0.000000s ]
INFO: [ app_init ] --END-- [ RunTime:0.001000s ]
ERR: 无法加载模块:System

[ 2019-04-10T23:02:48+08:00 ] 127.0.0.1 /Public/Uploads/20190409/em_5cacad68bcabf.jpg
INFO: [ app_init ] --START--
INFO: Run Behavior\BuildLiteBehavior [ RunTime:0.000000s ]
INFO: [ app_init ] --END-- [ RunTime:0.000000s ]

[ 2019-04-10T23:08:27+08:00 ] 127.0.0.1 /Public/Uploads/20190409/em_5cacad68bcabf.jpg
INFO: [ app_init ] --START--
INFO: Run Behavior\BuildLiteBehavior [ RunTime:0.001001s ]
INFO: [ app_init ] --END-- [ RunTime:0.001001s ]

[ 2019-04-10T23:08:51+08:00 ] 127.0.0.1 /Public/Uploads/20190409/em_5cacad68bcabf.jpg
INFO: [ app_init ] --START--
INFO: Run Behavior\BuildLiteBehavior [ RunTime:0.000000s ]
INFO: [ app_init ] --END-- [ RunTime:0.001000s ]

[ 2019-04-10T23:08:51+08:00 ] 127.0.0.1 /Public/Uploads/20190409/em_5cacad68bcabf.jpg
INFO: [ app_init ] --START--
INFO: Run Behavior\BuildLiteBehavior [ RunTime:0.000000s ]
INFO: [ app_init ] --END-- [ RunTime:0.001001s ]

[ 2019-04-10T23:09:59+08:00 ] 127.0.0.1 /Public/Uploads/20190409/em_5cacad68bcabf.jpg
INFO: [ app_init ] --START--
INFO: Run Behavior\BuildLiteBehavior [ RunTime:0.000000s ]
INFO: [ app_init ] --END-- [ RunTime:0.000000s ]

[ 2019-04-10T23:19:14+08:00 ] 127.0.0.1 /Public/Uploads/20190409/em_5cacad68bcabf.jpg
INFO: [ app_init ] --START--
INFO: Run Behavior\BuildLiteBehavior [ RunTime:0.000000s ]
INFO: [ app_init ] --END-- [ RunTime:0.004000s ]

[ 2019-04-10T23:19:31+08:00 ] 127.0.0.1 /Public/Uploads/20190409/em_5cacad68bcabf.jpg
INFO: [ app_init ] --START--
INFO: Run Behavior\BuildLiteBehavior [ RunTime:0.000000s ]
INFO: [ app_init ] --END-- [ RunTime:0.001000s ]

[ 2019-04-10T23:21:48+08:00 ] 127.0.0.1 /Public/Uploads/20190409/em_5cacad68bcabf.jpg
INFO: [ app_init ] --START--
INFO: Run Behavior\BuildLiteBehavior [ RunTime:0.000000s ]
INFO: [ app_init ] --END-- [ RunTime:0.001000s ]

